INFO:root:Assistant Context - Client: s2c_uae_test, Impact Rows: 1974
INFO:root:Assistant Context - Client: digiaansh_test, Impact Rows: 1018
INFO:root:Assistant Context - Client: digiaansh_test, Impact Rows: 1018
INFO:root:Assistant Context - Client: digiaansh_test, Impact Rows: 1018
INFO:root:Assistant Context - Client: digiaansh_test, Impact Rows: 1018
INFO:root:Assistant Context - Client: s2c_uae_test, Impact Rows: 1974
INFO:root:Assistant Context - Client: s2c_uae_test, Impact Rows: 1974
INFO:root:Assistant Context - Client: s2c_uae_test, Impact Rows: 1974
INFO:root:Assistant Context - Client: s2c_uae_test, Impact Rows: 1974
INFO:root:Assistant Context - Client: s2c_uae_test, Impact Rows: 1974
INFO:root:Assistant Context - Client: s2c_test, Impact Rows: 354
INFO:root:Assistant Context - Client: digiaansh_test, Impact Rows: 1018
INFO:root:Assistant Context - Client: digiaansh_test, Impact Rows: 1018
INFO:root:Assistant Context - Client: s2c_uae_test, Impact Rows: 1974
INFO:root:Assistant Context - Client: s2c_test, Impact Rows: 354
INFO:root:Assistant Context - Client: digiaansh_test, Impact Rows: 1018
INFO:root:Assistant Context - Client: digiaansh_test, Impact Rows: 1018
INFO:root:Assistant Context - Client: digiaansh_test, Impact Rows: 1018
INFO:root:Assistant Context - Client: digiaansh_test, Impact Rows: 1018
INFO:root:Assistant Context - Client: digiaansh_test, Impact Rows: 1018
INFO:root:Assistant Context - Client: digiaansh_test, Impact Rows: 1018
INFO:root:Assistant Context - Client: digiaansh_test, Impact Rows: 1018
INFO:root:Assistant Context - Client: s2c_uae_test, Impact Rows: 1974
INFO:root:Assistant Context - Client: digiaansh_test, Impact Rows: 1018
INFO:root:Assistant Context - Client: s2c_uae_test, Impact Rows: 1974
INFO:root:Assistant Context - Client: s2c_uae_test, Impact Rows: 1974
INFO:root:Assistant Context - Client: s2c_uae_test, Impact Rows: 1974
INFO:root:Assistant Context - Client: s2c_uae_test, Impact Rows: 1974
INFO:root:Assistant Context - Client: s2c_uae_test, Impact Rows: 1974
INFO:root:Assistant Context - Client: s2c_uae_test, Impact Rows: 1974
INFO:root:Assistant Context - Client: digiaansh_test, Impact Rows: 1018
INFO:root:Assistant Context - Client: digiaansh_test, Impact Rows: 1018
INFO:root:Assistant Context - Client: s2c_test, Impact Rows: 354
INFO:root:Assistant Context - Client: s2c_uae_test, Impact Rows: 1974
INFO:root:Assistant Context - Client: s2c_uae_test, Impact Rows: 1974
INFO:root:Assistant Context - Client: digiaansh_test, Impact Rows: 1018
INFO:root:Assistant Context - Client: s2c_uae_test, Impact Rows: 1974
INFO:root:Assistant Context - Client: s2c_uae_test, Impact Rows: 1974
INFO:root:Assistant Context - Client: digiaansh_test, Impact Rows: 1018
INFO:root:Assistant Context - Client: s2c_test, Impact Rows: 354
INFO:root:Assistant Context - Client: digiaansh_test, Impact Rows: 1018
INFO:root:Assistant Context - Client: s2c_test, Impact Rows: 354
INFO:root:Assistant Context - Client: s2c_test, Impact Rows: 354
INFO:root:Assistant Context - Client: s2c_test, Impact Rows: 354
INFO:root:Assistant Context - Client: s2c_test, Impact Rows: 354
INFO:root:Assistant Context - Client: s2c_test, Impact Rows: 354
INFO:root:Assistant Context - Client: s2c_test, Impact Rows: 354
INFO:root:Assistant Context - Client: s2c_test, Impact Rows: 354
INFO:root:Assistant Context - Client: s2c_test, Impact Rows: 354
INFO:root:Assistant Context - Client: s2c_test, Impact Rows: 354
INFO:root:Assistant Context - Client: s2c_test, Impact Rows: 354
INFO:root:Assistant Context - Client: s2c_test, Impact Rows: 354
INFO:root:Assistant Context - Client: s2c_test, Impact Rows: 354
INFO:root:Assistant Context - Client: s2c_test, Impact Rows: 354
INFO:root:Assistant Context - Client: s2c_test, Impact Rows: 354
INFO:root:Assistant Context - Client: s2c_test, Impact Rows: 354
INFO:root:Assistant Context - Client: s2c_test, Impact Rows: 354
INFO:root:Assistant Context - Client: s2c_test, Impact Rows: 354
INFO:root:Assistant Context - Client: s2c_test, Impact Rows: 354
INFO:root:Assistant Context - Client: s2c_test, Impact Rows: 354
INFO:root:Assistant Context - Client: s2c_test, Impact Rows: 354
INFO:root:Assistant Context - Client: s2c_test, Impact Rows: 354
INFO:root:Assistant Context - Client: s2c_test, Impact Rows: 354
INFO:root:Assistant Context - Client: s2c_test, Impact Rows: 354
INFO:root:Assistant Context - Client: s2c_test, Impact Rows: 354
INFO:root:Assistant Context - Client: s2c_test, Impact Rows: 354
INFO:root:Assistant Context - Client: s2c_test, Impact Rows: 354
INFO:root:Assistant Context - Client: s2c_test, Impact Rows: 354
INFO:root:Assistant Context - Client: s2c_test, Impact Rows: 354
INFO:root:Assistant Context - Client: s2c_test, Impact Rows: 354
INFO:root:Assistant Context - Client: s2c_test, Impact Rows: 354
INFO:root:Assistant Context - Client: s2c_test, Impact Rows: 354
INFO:root:Assistant Context - Client: s2c_test, Impact Rows: 354
INFO:root:Assistant Context - Client: s2c_test, Impact Rows: 354
INFO:root:Assistant Context - Client: s2c_test, Impact Rows: 354
INFO:root:Assistant Context - Client: s2c_test, Impact Rows: 354
INFO:root:Assistant Context - Client: s2c_test, Impact Rows: 354
INFO:root:Assistant Context - Client: s2c_test, Impact Rows: 354
INFO:root:Assistant Context - Client: s2c_test, Impact Rows: 354
INFO:root:Assistant Context - Client: s2c_test, Impact Rows: 354
INFO:root:Assistant Context - Client: s2c_test, Impact Rows: 354
INFO:root:Assistant Context - Client: s2c_test, Impact Rows: 354
INFO:root:Assistant Context - Client: s2c_test, Impact Rows: 354
INFO:root:Assistant Context - Client: s2c_test, Impact Rows: 354
INFO:root:Assistant Context - Client: s2c_test, Impact Rows: 354
INFO:root:Assistant Context - Client: s2c_test, Impact Rows: 354
INFO:root:Assistant Context - Client: s2c_test, Impact Rows: 354
INFO:root:Assistant Context - Client: s2c_test, Impact Rows: 354
INFO:root:Assistant Context - Client: s2c_test, Impact Rows: 354
INFO:root:Assistant Context - Client: s2c_test, Impact Rows: 354
INFO:root:Assistant Context - Client: s2c_test, Impact Rows: 354
INFO:root:Assistant Context - Client: s2c_test, Impact Rows: 354
INFO:root:Assistant Context - Client: s2c_test, Impact Rows: 354
INFO:root:Assistant Context - Client: s2c_test, Impact Rows: 354
INFO:root:Assistant Context - Client: s2c_test, Impact Rows: 354
INFO:root:Assistant Context - Client: s2c_test, Impact Rows: 354
INFO:root:Assistant Context - Client: s2c_test, Impact Rows: 354
INFO:root:Assistant Context - Client: s2c_test, Impact Rows: 354
INFO:root:Assistant Context - Client: s2c_test, Impact Rows: 354
INFO:root:Assistant Context - Client: s2c_test, Impact Rows: 354
INFO:root:Assistant Context - Client: s2c_test, Impact Rows: 354
INFO:root:Assistant Context - Client: s2c_test, Impact Rows: 354
INFO:root:Assistant Context - Client: s2c_test, Impact Rows: 354
INFO:root:Assistant Context - Client: s2c_test, Impact Rows: 376
INFO:root:Assistant Context - Client: s2c_test, Impact Rows: 376
INFO:root:Assistant Context - Client: s2c_test, Impact Rows: 376
INFO:root:Assistant Context - Client: s2c_test, Impact Rows: 376
INFO:root:Assistant Context - Client: s2c_test, Impact Rows: 376
INFO:root:Assistant Context - Client: s2c_test, Impact Rows: 376
INFO:root:Assistant Context - Client: s2c_test, Impact Rows: 376
INFO:root:Assistant Context - Client: s2c_test, Impact Rows: 376
INFO:root:Assistant Context - Client: s2c_uae_test, Impact Rows: 1974
INFO:root:Assistant Context - Client: s2c_uae_test, Impact Rows: 1974
INFO:root:Assistant Context - Client: s2c_uae_test, Impact Rows: 1974
INFO:root:Assistant Context - Client: s2c_uae_test, Impact Rows: 1974
INFO:root:Assistant Context - Client: s2c_uae_test, Impact Rows: 1974
INFO:root:Assistant Context - Client: s2c_uae_test, Impact Rows: 1974
INFO:root:Assistant Context - Client: s2c_uae_test, Impact Rows: 1974
INFO:root:Assistant Context - Client: s2c_uae_test, Impact Rows: 1974
INFO:root:Assistant Context - Client: s2c_uae_test, Impact Rows: 1974
INFO:root:Assistant Context - Client: s2c_uae_test, Impact Rows: 1974
INFO:root:Assistant Context - Client: s2c_uae_test, Impact Rows: 1974
INFO:root:Assistant Context - Client: s2c_uae_test, Impact Rows: 1974
INFO:root:Assistant Context - Client: s2c_uae_test, Impact Rows: 1974
INFO:root:Assistant Context - Client: s2c_uae_test, Impact Rows: 1974
INFO:root:Assistant Context - Client: s2c_uae_test, Impact Rows: 1974
INFO:root:Assistant Context - Client: s2c_uae_test, Impact Rows: 1974
INFO:root:Assistant Context - Client: s2c_uae_test, Impact Rows: 1974
INFO:root:Assistant Context - Client: s2c_uae_test, Impact Rows: 1974
INFO:root:Assistant Context - Client: s2c_uae_test, Impact Rows: 1974
INFO:root:Assistant Context - Client: s2c_uae_test, Impact Rows: 1974
INFO:root:Assistant Context - Client: s2c_uae_test, Impact Rows: 1974
INFO:root:Assistant Context - Client: s2c_uae_test, Impact Rows: 1974
INFO:root:Assistant Context - Client: s2c_uae_test, Impact Rows: 1974
INFO:root:Assistant Context - Client: s2c_uae_test, Impact Rows: 1974
INFO:root:Assistant Context - Client: s2c_uae_test, Impact Rows: 1974
INFO:root:Assistant Context - Client: s2c_uae_test, Impact Rows: 1974
INFO:root:Assistant Context - Client: digiaansh_test, Impact Rows: 1018
INFO:root:Assistant Context - Client: s2c_uae_test, Impact Rows: 1974
INFO:root:Assistant Context - Client: s2c_uae_test, Impact Rows: 1974
INFO:root:Assistant Context - Client: s2c_uae_test, Impact Rows: 1974
INFO:root:Assistant Context - Client: s2c_uae_test, Impact Rows: 1974
INFO:root:Assistant Context - Client: s2c_uae_test, Impact Rows: 1974
INFO:root:Assistant Context - Client: s2c_uae_test, Impact Rows: 1974
INFO:root:Assistant Context - Client: s2c_uae_test, Impact Rows: 1974
INFO:root:Assistant Context - Client: s2c_uae_test, Impact Rows: 1974
INFO:root:Assistant Context - Client: s2c_uae_test, Impact Rows: 1974
INFO:root:Assistant Context - Client: s2c_uae_test, Impact Rows: 1974
INFO:root:Assistant Context - Client: s2c_uae_test, Impact Rows: 1974
INFO:root:Assistant Context - Client: s2c_uae_test, Impact Rows: 1974
INFO:root:Assistant Context - Client: s2c_uae_test, Impact Rows: 1974
INFO:root:Assistant Context - Client: s2c_uae_test, Impact Rows: 1974
INFO:root:Assistant Context - Client: s2c_uae_test, Impact Rows: 1974
INFO:root:Assistant Context - Client: s2c_uae_test, Impact Rows: 1974
INFO:root:Assistant Context - Client: s2c_uae_test, Impact Rows: 1974
INFO:root:Assistant Context - Client: s2c_uae_test, Impact Rows: 1974
INFO:root:Assistant Context - Client: s2c_uae_test, Impact Rows: 1974
INFO:root:Assistant Context - Client: s2c_uae_test, Impact Rows: 1974
INFO:root:Assistant Context - Client: s2c_uae_test, Impact Rows: 1974
INFO:root:Assistant Context - Client: s2c_uae_test, Impact Rows: 1974
INFO:root:Assistant Context - Client: s2c_uae_test, Impact Rows: 1974
INFO:root:Assistant Context - Client: s2c_uae_test, Impact Rows: 1974
INFO:root:Assistant Context - Client: s2c_uae_test, Impact Rows: 1974
INFO:root:Assistant Context - Client: s2c_uae_test, Impact Rows: 1974
INFO:root:Assistant Context - Client: s2c_uae_test, Impact Rows: 1974
INFO:root:Assistant Context - Client: s2c_uae_test, Impact Rows: 1974
INFO:root:Assistant Context - Client: s2c_uae_test, Impact Rows: 1974
INFO:root:Assistant Context - Client: s2c_uae_test, Impact Rows: 1974
INFO:root:Assistant Context - Client: s2c_uae_test, Impact Rows: 1974
INFO:root:Assistant Context - Client: s2c_uae_test, Impact Rows: 1974
INFO:root:Assistant Context - Client: s2c_uae_test, Impact Rows: 1974
INFO:root:Assistant Context - Client: s2c_uae_test, Impact Rows: 1974
INFO:root:Assistant Context - Client: s2c_uae_test, Impact Rows: 1974
INFO:root:Assistant Context - Client: s2c_uae_test, Impact Rows: 1974
INFO:root:Assistant Context - Client: s2c_uae_test, Impact Rows: 1974
INFO:root:Assistant Context - Client: s2c_uae_test, Impact Rows: 1974
INFO:root:Assistant Context - Client: s2c_uae_test, Impact Rows: 1974
INFO:root:Assistant Context - Client: s2c_uae_test, Impact Rows: 1974
INFO:root:Assistant Context - Client: s2c_uae_test, Impact Rows: 1974
INFO:root:Assistant Context - Client: s2c_uae_test, Impact Rows: 1974
INFO:root:Assistant Context - Client: s2c_uae_test, Impact Rows: 1974
INFO:root:Assistant Context - Client: s2c_uae_test, Impact Rows: 1974
INFO:root:Assistant Context - Client: s2c_uae_test, Impact Rows: 1974
INFO:root:Assistant Context - Client: s2c_uae_test, Impact Rows: 1974
INFO:root:Assistant Context - Client: s2c_uae_test, Impact Rows: 1974
INFO:root:Assistant Context - Client: s2c_uae_test, Impact Rows: 1974
INFO:root:Assistant Context - Client: s2c_uae_test, Impact Rows: 1974
INFO:root:Assistant Context - Client: s2c_uae_test, Impact Rows: 1974
INFO:root:Assistant Context - Client: s2c_uae_test, Impact Rows: 1974
INFO:root:Assistant Context - Client: s2c_uae_test, Impact Rows: 1974
INFO:root:Assistant Context - Client: s2c_uae_test, Impact Rows: 1974
INFO:root:Assistant Context - Client: s2c_uae_test, Impact Rows: 1974
INFO:root:Assistant Context - Client: s2c_uae_test, Impact Rows: 1974
INFO:root:Assistant Context - Client: s2c_uae_test, Impact Rows: 1974
INFO:root:Assistant Context - Client: s2c_uae_test, Impact Rows: 1974
INFO:root:Assistant Context - Client: s2c_uae_test, Impact Rows: 1974
INFO:root:Assistant Context - Client: s2c_uae_test, Impact Rows: 1974
INFO:root:Assistant Context - Client: s2c_uae_test, Impact Rows: 1974
INFO:root:Assistant Context - Client: s2c_uae_test, Impact Rows: 1974
INFO:root:Assistant Context - Client: s2c_uae_test, Impact Rows: 1974
INFO:root:Assistant Context - Client: s2c_uae_test, Impact Rows: 1974
INFO:root:Assistant Context - Client: s2c_uae_test, Impact Rows: 1974
INFO:root:Assistant Context - Client: s2c_uae_test, Impact Rows: 1974
INFO:root:Assistant Context - Client: s2c_uae_test, Impact Rows: 1974
INFO:root:Assistant Context - Client: s2c_uae_test, Impact Rows: 1974
INFO:root:Assistant Context - Client: s2c_uae_test, Impact Rows: 1974
INFO:root:Assistant Context - Client: s2c_uae_test, Impact Rows: 1974
INFO:root:Assistant Context - Client: s2c_uae_test, Impact Rows: 1974
INFO:root:Assistant Context - Client: s2c_uae_test, Impact Rows: 1974
INFO:root:Assistant Context - Client: s2c_uae_test, Impact Rows: 1974
INFO:root:Assistant Context - Client: s2c_uae_test, Impact Rows: 1974
INFO:root:Assistant Context - Client: s2c_uae_test, Impact Rows: 1974
INFO:root:Assistant Context - Client: s2c_uae_test, Impact Rows: 1974
INFO:root:Assistant Context - Client: s2c_uae_test, Impact Rows: 1974
INFO:root:Assistant Context - Client: s2c_uae_test, Impact Rows: 1974
INFO:root:Assistant Context - Client: s2c_uae_test, Impact Rows: 1974
INFO:root:Assistant Context - Client: s2c_uae_test, Impact Rows: 1974
INFO:root:Assistant Context - Client: s2c_uae_test, Impact Rows: 1974
INFO:root:Assistant Context - Client: s2c_uae_test, Impact Rows: 2247
INFO:root:Assistant Context - Client: s2c_uae_test, Impact Rows: 2247
INFO:root:Assistant Context - Client: s2c_uae_test, Impact Rows: 2247
INFO:root:Assistant Context - Client: s2c_uae_test, Impact Rows: 2247
INFO:root:Assistant Context - Client: s2c_uae_test, Impact Rows: 2247
INFO:root:Assistant Context - Client: s2c_uae_test, Impact Rows: 2247
INFO:root:Assistant Context - Client: s2c_uae_test, Impact Rows: 2247
INFO:root:Assistant Context - Client: s2c_uae_test, Impact Rows: 2247
INFO:root:Assistant Context - Client: s2c_uae_test, Impact Rows: 2247
INFO:root:Assistant Context - Client: s2c_uae_test, Impact Rows: 2247
INFO:root:Assistant Context - Client: s2c_uae_test, Impact Rows: 2247
INFO:root:Assistant Context - Client: s2c_uae_test, Impact Rows: 2247
INFO:root:Assistant Context - Client: s2c_uae_test, Impact Rows: 2247
INFO:root:Assistant Context - Client: s2c_uae_test, Impact Rows: 2247
INFO:root:Assistant Context - Client: s2c_uae_test, Impact Rows: 2247
INFO:root:Assistant Context - Client: s2c_uae_test, Impact Rows: 2247
INFO:root:Assistant Context - Client: s2c_uae_test, Impact Rows: 2247
INFO:root:Assistant Context - Client: s2c_uae_test, Impact Rows: 2247
INFO:root:Assistant Context - Client: digiaansh_test, Impact Rows: 1018
INFO:root:Assistant Context - Client: digiaansh_test, Impact Rows: 1018
INFO:root:Assistant Context - Client: digiaansh_test, Impact Rows: 1018
INFO:root:Assistant Context - Client: digiaansh_test, Impact Rows: 1018
INFO:root:Assistant Context - Client: digiaansh_test, Impact Rows: 1018
INFO:root:Assistant Context - Client: digiaansh_test, Impact Rows: 1018
INFO:root:Assistant Context - Client: digiaansh_test, Impact Rows: 1018
INFO:root:Assistant Context - Client: digiaansh_test, Impact Rows: 1018
INFO:root:Assistant Context - Client: digiaansh_test, Impact Rows: 1018
INFO:root:Assistant Context - Client: digiaansh_test, Impact Rows: 1018
INFO:core.auth.invitation_service:Token valid for test1@example.com
INFO:core.auth.invitation_service:Token valid for test1@example.com
INFO:core.auth.invitation_service:Token valid for test1@example.com
INFO:core.auth.invitation_service:Invitation 4c3e6cb8-e7a2-40a2-af83-86ba8c3a5a3f accepted by user b4ec964d-67e6-4fac-9611-200105ff5e0a
INFO:root:Assistant Context - Client: digiaansh_test, Impact Rows: 1018
INFO:root:Assistant Context - Client: digiaansh_test, Impact Rows: 1018
INFO:root:Assistant Context - Client: digiaansh_test, Impact Rows: 1018
INFO:root:Assistant Context - Client: digiaansh_test, Impact Rows: 1018
INFO:root:Assistant Context - Client: digiaansh_test, Impact Rows: 1018
INFO:root:Assistant Context - Client: digiaansh_test, Impact Rows: 1018
INFO:root:Assistant Context - Client: digiaansh_test, Impact Rows: 1018
INFO:root:Assistant Context - Client: digiaansh_test, Impact Rows: 1018
INFO:root:Assistant Context - Client: digiaansh_test, Impact Rows: 1018
INFO:root:Assistant Context - Client: digiaansh_test, Impact Rows: 1018
INFO:root:Assistant Context - Client: digiaansh_test, Impact Rows: 1018
INFO:root:Assistant Context - Client: digiaansh_test, Impact Rows: 1018
INFO:root:Assistant Context - Client: s2c_test, Impact Rows: 376
INFO:root:Assistant Context - Client: s2c_test, Impact Rows: 376
INFO:root:Assistant Context - Client: s2c_test, Impact Rows: 376
INFO:root:Assistant Context - Client: s2c_uae_test, Impact Rows: 2247
INFO:root:Assistant Context - Client: s2c_uae_test, Impact Rows: 2247
INFO:root:Assistant Context - Client: s2c_uae_test, Impact Rows: 2247
INFO:root:Assistant Context - Client: s2c_uae_test, Impact Rows: 2247
INFO:root:Assistant Context - Client: s2c_uae_test, Impact Rows: 2247
INFO:root:Assistant Context - Client: s2c_uae_test, Impact Rows: 2247
INFO:root:Assistant Context - Client: s2c_uae_test, Impact Rows: 2247
INFO:root:Assistant Context - Client: s2c_uae_test, Impact Rows: 2247
INFO:root:Assistant Context - Client: s2c_uae_test, Impact Rows: 2247
INFO:root:Assistant Context - Client: digiaansh_test, Impact Rows: 1018
INFO:root:Assistant Context - Client: digiaansh_test, Impact Rows: 1018
INFO:root:Assistant Context - Client: digiaansh_test, Impact Rows: 1018
INFO:root:Assistant Context - Client: digiaansh_test, Impact Rows: 1018
INFO:root:Assistant Context - Client: digiaansh_test, Impact Rows: 1018
INFO:root:Assistant Context - Client: digiaansh_test, Impact Rows: 1018
INFO:root:Assistant Context - Client: digiaansh_test, Impact Rows: 1018
INFO:root:Assistant Context - Client: digiaansh_test, Impact Rows: 1018
INFO:root:Assistant Context - Client: digiaansh_test, Impact Rows: 1018
INFO:root:Assistant Context - Client: digiaansh_test, Impact Rows: 1018
INFO:root:Assistant Context - Client: digiaansh_test, Impact Rows: 1018
INFO:core.auth.invitation_service:Token valid for agency_new@test.com
INFO:core.auth.invitation_service:Token valid for agency_new@test.com
INFO:core.auth.invitation_service:Token valid for agency_new@test.com
INFO:core.auth.invitation_service:Token valid for agency_new@test.com
INFO:core.auth.invitation_service:Invitation 03316d9c-20fb-4d3e-93d3-1f53bb78e2e9 accepted by user 33d65c04-5514-4589-ad16-edd904c257e3
INFO:root:Fallback client_id found in DB: s2c_test
INFO:root:Assistant Context - Client: s2c_test, Impact Rows: 376
INFO:root:Assistant Context - Client: digiaansh_test, Impact Rows: 1018
INFO:root:Assistant Context - Client: s2c_uae_test, Impact Rows: 2247
INFO:root:Assistant Context - Client: s2c_uae_test, Impact Rows: 2247
INFO:root:Assistant Context - Client: s2c_uae_test, Impact Rows: 2247
INFO:root:Assistant Context - Client: s2c_uae_test, Impact Rows: 2247
INFO:root:Assistant Context - Client: s2c_uae_test, Impact Rows: 2247
INFO:core.auth.invitation_service:Token valid for new_agency@test.com
INFO:core.auth.invitation_service:Token valid for new_agency@test.com
INFO:root:Assistant Context - Client: s2c_uae_test, Impact Rows: 2247
INFO:root:Assistant Context - Client: s2c_uae_test, Impact Rows: 2247
INFO:core.auth.invitation_service:Token valid for new_agency@test.com
INFO:core.auth.invitation_service:Token valid for new_agency@test.com
INFO:root:Assistant Context - Client: digiaansh_test, Impact Rows: 1018
ERROR:core.auth.invitation_service:Token validation error: could not translate host name "aws-1-ap-northeast-2.pooler.supabase.com" to address: nodename nor servname provided, or not known

ERROR:core.auth.invitation_service:Token validation error: connection already closed
INFO:root:Assistant Context - Client: digiaansh_test, Impact Rows: 1018
INFO:root:Assistant Context - Client: repro_test_uae, Impact Rows: 0
WARNING:root:No impact data found for client repro_test_uae
INFO:root:Assistant Context - Client: repro_test_uae, Impact Rows: 0
WARNING:root:No impact data found for client repro_test_uae
INFO:root:Assistant Context - Client: repro_test_uae, Impact Rows: 0
WARNING:root:No impact data found for client repro_test_uae
INFO:root:Assistant Context - Client: repro_test_uae, Impact Rows: 0
WARNING:root:No impact data found for client repro_test_uae
INFO:root:Assistant Context - Client: repro_test_uae, Impact Rows: 0
WARNING:root:No impact data found for client repro_test_uae
INFO:root:Assistant Context - Client: repro_test_uae, Impact Rows: 0
WARNING:root:No impact data found for client repro_test_uae
INFO:root:Assistant Context - Client: repro_test_uae, Impact Rows: 0
WARNING:root:No impact data found for client repro_test_uae
INFO:root:Assistant Context - Client: repro_test_uae, Impact Rows: 0
WARNING:root:No impact data found for client repro_test_uae
INFO:root:Assistant Context - Client: repro_test_uae, Impact Rows: 0
WARNING:root:No impact data found for client repro_test_uae
INFO:root:Assistant Context - Client: repro_test_uae, Impact Rows: 0
WARNING:root:No impact data found for client repro_test_uae
INFO:root:Assistant Context - Client: repro_test_uae, Impact Rows: 0
WARNING:root:No impact data found for client repro_test_uae
INFO:root:Assistant Context - Client: repro_test_uae, Impact Rows: 0
WARNING:root:No impact data found for client repro_test_uae
INFO:root:Assistant Context - Client: repro_test_uae, Impact Rows: 0
WARNING:root:No impact data found for client repro_test_uae
INFO:root:Assistant Context - Client: repro_test_uae, Impact Rows: 0
WARNING:root:No impact data found for client repro_test_uae
INFO:root:Assistant Context - Client: repro_test_uae, Impact Rows: 0
WARNING:root:No impact data found for client repro_test_uae
INFO:root:Assistant Context - Client: repro_test_uae, Impact Rows: 0
WARNING:root:No impact data found for client repro_test_uae
INFO:root:Assistant Context - Client: repro_test_uae, Impact Rows: 0
WARNING:root:No impact data found for client repro_test_uae
INFO:root:Assistant Context - Client: repro_test_uae, Impact Rows: 0
WARNING:root:No impact data found for client repro_test_uae
INFO:root:Assistant Context - Client: repro_test_uae, Impact Rows: 0
WARNING:root:No impact data found for client repro_test_uae
INFO:root:Assistant Context - Client: repro_test_uae, Impact Rows: 0
WARNING:root:No impact data found for client repro_test_uae
INFO:root:Assistant Context - Client: repro_test_uae, Impact Rows: 0
WARNING:root:No impact data found for client repro_test_uae
INFO:root:Assistant Context - Client: repro_test_uae, Impact Rows: 0
WARNING:root:No impact data found for client repro_test_uae
INFO:root:Assistant Context - Client: digiaansh_test, Impact Rows: 1018
INFO:root:Assistant Context - Client: repro_test_uae, Impact Rows: 0
WARNING:root:No impact data found for client repro_test_uae
INFO:root:Assistant Context - Client: repro_test_uae, Impact Rows: 0
WARNING:root:No impact data found for client repro_test_uae
INFO:root:Assistant Context - Client: repro_test_uae, Impact Rows: 0
WARNING:root:No impact data found for client repro_test_uae
INFO:root:Assistant Context - Client: repro_test_uae, Impact Rows: 0
WARNING:root:No impact data found for client repro_test_uae
INFO:root:Assistant Context - Client: repro_test_uae, Impact Rows: 0
WARNING:root:No impact data found for client repro_test_uae
INFO:root:Assistant Context - Client: repro_test_uae, Impact Rows: 0
WARNING:root:No impact data found for client repro_test_uae
INFO:root:Assistant Context - Client: repro_test_uae, Impact Rows: 0
WARNING:root:No impact data found for client repro_test_uae
INFO:root:Assistant Context - Client: repro_test_uae, Impact Rows: 0
WARNING:root:No impact data found for client repro_test_uae
INFO:root:Assistant Context - Client: repro_test_uae, Impact Rows: 0
WARNING:root:No impact data found for client repro_test_uae
INFO:root:Assistant Context - Client: repro_test_uae, Impact Rows: 0
WARNING:root:No impact data found for client repro_test_uae
INFO:root:Assistant Context - Client: repro_test_uae, Impact Rows: 0
WARNING:root:No impact data found for client repro_test_uae
INFO:root:Assistant Context - Client: repro_test_uae, Impact Rows: 0
WARNING:root:No impact data found for client repro_test_uae
INFO:root:Assistant Context - Client: repro_test_uae, Impact Rows: 0
WARNING:root:No impact data found for client repro_test_uae
INFO:root:Assistant Context - Client: repro_test_uae, Impact Rows: 0
WARNING:root:No impact data found for client repro_test_uae
INFO:root:Assistant Context - Client: repro_test_uae, Impact Rows: 0
WARNING:root:No impact data found for client repro_test_uae
INFO:root:Assistant Context - Client: repro_test_uae, Impact Rows: 0
WARNING:root:No impact data found for client repro_test_uae
INFO:root:Assistant Context - Client: repro_test_uae, Impact Rows: 0
WARNING:root:No impact data found for client repro_test_uae
INFO:root:Assistant Context - Client: repro_test_uae, Impact Rows: 0
WARNING:root:No impact data found for client repro_test_uae
INFO:root:Assistant Context - Client: repro_test_uae, Impact Rows: 0
WARNING:root:No impact data found for client repro_test_uae
INFO:root:Assistant Context - Client: repro_test_uae, Impact Rows: 0
WARNING:root:No impact data found for client repro_test_uae
INFO:root:Assistant Context - Client: repro_test_uae, Impact Rows: 0
WARNING:root:No impact data found for client repro_test_uae
INFO:root:Assistant Context - Client: repro_test_uae, Impact Rows: 0
WARNING:root:No impact data found for client repro_test_uae
INFO:root:Assistant Context - Client: repro_test_uae, Impact Rows: 0
WARNING:root:No impact data found for client repro_test_uae
INFO:root:Assistant Context - Client: repro_test_uae, Impact Rows: 0
WARNING:root:No impact data found for client repro_test_uae
INFO:root:Assistant Context - Client: digiaansh_test, Impact Rows: 1018
INFO:root:Assistant Context - Client: digiaansh_test, Impact Rows: 1018
INFO:root:Assistant Context - Client: repro_test_uae, Impact Rows: 0
WARNING:root:No impact data found for client repro_test_uae
INFO:root:Assistant Context - Client: repro_test_uae, Impact Rows: 0
WARNING:root:No impact data found for client repro_test_uae
INFO:root:Assistant Context - Client: repro_test_uae, Impact Rows: 0
WARNING:root:No impact data found for client repro_test_uae
INFO:root:Assistant Context - Client: repro_test_uae, Impact Rows: 0
WARNING:root:No impact data found for client repro_test_uae
INFO:root:Assistant Context - Client: repro_test_uae, Impact Rows: 0
WARNING:root:No impact data found for client repro_test_uae
INFO:root:Assistant Context - Client: repro_test_uae, Impact Rows: 0
WARNING:root:No impact data found for client repro_test_uae
INFO:root:Assistant Context - Client: repro_test_uae, Impact Rows: 0
WARNING:root:No impact data found for client repro_test_uae
INFO:root:Assistant Context - Client: repro_test_uae, Impact Rows: 0
WARNING:root:No impact data found for client repro_test_uae
INFO:root:Assistant Context - Client: repro_test_uae, Impact Rows: 0
WARNING:root:No impact data found for client repro_test_uae
INFO:root:Assistant Context - Client: repro_test_uae, Impact Rows: 0
WARNING:root:No impact data found for client repro_test_uae
INFO:root:Assistant Context - Client: repro_test_uae, Impact Rows: 0
WARNING:root:No impact data found for client repro_test_uae
INFO:root:Assistant Context - Client: repro_test_uae, Impact Rows: 0
WARNING:root:No impact data found for client repro_test_uae
INFO:root:Assistant Context - Client: repro_test_uae, Impact Rows: 0
WARNING:root:No impact data found for client repro_test_uae
INFO:root:Assistant Context - Client: repro_test_uae, Impact Rows: 0
WARNING:root:No impact data found for client repro_test_uae
INFO:root:Assistant Context - Client: repro_test_uae, Impact Rows: 0
WARNING:root:No impact data found for client repro_test_uae
INFO:root:Assistant Context - Client: repro_test_uae, Impact Rows: 0
WARNING:root:No impact data found for client repro_test_uae
INFO:root:Assistant Context - Client: repro_test_uae, Impact Rows: 0
WARNING:root:No impact data found for client repro_test_uae
INFO:root:Assistant Context - Client: repro_test_uae, Impact Rows: 0
WARNING:root:No impact data found for client repro_test_uae
INFO:root:Assistant Context - Client: s2c_uae_test, Impact Rows: 2247
INFO:root:Assistant Context - Client: repro_test_uae, Impact Rows: 0
WARNING:root:No impact data found for client repro_test_uae
INFO:root:Assistant Context - Client: repro_test_uae, Impact Rows: 0
WARNING:root:No impact data found for client repro_test_uae
INFO:root:Assistant Context - Client: repro_test_uae, Impact Rows: 0
WARNING:root:No impact data found for client repro_test_uae
INFO:root:Assistant Context - Client: repro_test_uae, Impact Rows: 0
WARNING:root:No impact data found for client repro_test_uae
INFO:root:Assistant Context - Client: repro_test_uae, Impact Rows: 0
WARNING:root:No impact data found for client repro_test_uae
INFO:root:Assistant Context - Client: repro_test_uae, Impact Rows: 0
WARNING:root:No impact data found for client repro_test_uae
INFO:root:Assistant Context - Client: repro_test_uae, Impact Rows: 0
WARNING:root:No impact data found for client repro_test_uae
INFO:root:Assistant Context - Client: repro_test_uae, Impact Rows: 0
WARNING:root:No impact data found for client repro_test_uae
INFO:root:Assistant Context - Client: repro_test_uae, Impact Rows: 0
WARNING:root:No impact data found for client repro_test_uae
INFO:root:Assistant Context - Client: repro_test_uae, Impact Rows: 0
WARNING:root:No impact data found for client repro_test_uae
INFO:root:Assistant Context - Client: repro_test_uae, Impact Rows: 0
WARNING:root:No impact data found for client repro_test_uae
INFO:root:Assistant Context - Client: repro_test_uae, Impact Rows: 0
WARNING:root:No impact data found for client repro_test_uae
INFO:root:Assistant Context - Client: repro_test_uae, Impact Rows: 0
WARNING:root:No impact data found for client repro_test_uae
INFO:root:Assistant Context - Client: repro_test_uae, Impact Rows: 0
WARNING:root:No impact data found for client repro_test_uae
INFO:root:Assistant Context - Client: repro_test_uae, Impact Rows: 0
WARNING:root:No impact data found for client repro_test_uae
INFO:root:Assistant Context - Client: repro_test_uae, Impact Rows: 0
WARNING:root:No impact data found for client repro_test_uae
INFO:root:Assistant Context - Client: repro_test_uae, Impact Rows: 0
WARNING:root:No impact data found for client repro_test_uae
INFO:root:Assistant Context - Client: repro_test_uae, Impact Rows: 0
WARNING:root:No impact data found for client repro_test_uae
INFO:root:Assistant Context - Client: repro_test_uae, Impact Rows: 0
WARNING:root:No impact data found for client repro_test_uae
INFO:root:Assistant Context - Client: repro_test_uae, Impact Rows: 0
WARNING:root:No impact data found for client repro_test_uae
INFO:root:Assistant Context - Client: repro_test_uae, Impact Rows: 0
WARNING:root:No impact data found for client repro_test_uae
INFO:root:Assistant Context - Client: repro_test_uae, Impact Rows: 0
WARNING:root:No impact data found for client repro_test_uae
INFO:root:Assistant Context - Client: repro_test_uae, Impact Rows: 0
WARNING:root:No impact data found for client repro_test_uae
INFO:root:Assistant Context - Client: repro_test_uae, Impact Rows: 0
WARNING:root:No impact data found for client repro_test_uae
INFO:root:Assistant Context - Client: repro_test_uae, Impact Rows: 0
WARNING:root:No impact data found for client repro_test_uae
INFO:root:Assistant Context - Client: repro_test_uae, Impact Rows: 0
WARNING:root:No impact data found for client repro_test_uae
INFO:root:Assistant Context - Client: repro_test_uae, Impact Rows: 0
WARNING:root:No impact data found for client repro_test_uae
INFO:root:Assistant Context - Client: repro_test_uae, Impact Rows: 0
WARNING:root:No impact data found for client repro_test_uae
INFO:root:Assistant Context - Client: repro_test_uae, Impact Rows: 0
WARNING:root:No impact data found for client repro_test_uae
INFO:root:Assistant Context - Client: repro_test_uae, Impact Rows: 0
WARNING:root:No impact data found for client repro_test_uae
INFO:root:Assistant Context - Client: repro_test_uae, Impact Rows: 0
WARNING:root:No impact data found for client repro_test_uae
INFO:root:Assistant Context - Client: repro_test_uae, Impact Rows: 0
WARNING:root:No impact data found for client repro_test_uae
INFO:root:Assistant Context - Client: repro_test_uae, Impact Rows: 0
WARNING:root:No impact data found for client repro_test_uae
INFO:root:Assistant Context - Client: repro_test_uae, Impact Rows: 0
WARNING:root:No impact data found for client repro_test_uae
INFO:root:Assistant Context - Client: repro_test_uae, Impact Rows: 0
WARNING:root:No impact data found for client repro_test_uae
INFO:root:Assistant Context - Client: repro_test_uae, Impact Rows: 0
WARNING:root:No impact data found for client repro_test_uae
INFO:root:Assistant Context - Client: s2c_uae_test, Impact Rows: 2247
INFO:root:Assistant Context - Client: repro_test_uae, Impact Rows: 0
WARNING:root:No impact data found for client repro_test_uae
INFO:root:Assistant Context - Client: s2c_uae_test, Impact Rows: 2247
INFO:root:Assistant Context - Client: s2c_uae_test, Impact Rows: 2247
INFO:root:Assistant Context - Client: repro_test_uae, Impact Rows: 0
WARNING:root:No impact data found for client repro_test_uae
INFO:root:Assistant Context - Client: repro_test_uae, Impact Rows: 0
WARNING:root:No impact data found for client repro_test_uae
INFO:root:Assistant Context - Client: repro_test_uae, Impact Rows: 0
WARNING:root:No impact data found for client repro_test_uae
INFO:root:Assistant Context - Client: digiaansh_test, Impact Rows: 1018
INFO:root:Assistant Context - Client: digiaansh_test, Impact Rows: 1018
INFO:root:Assistant Context - Client: s2c_uae_test, Impact Rows: 2247
INFO:root:Assistant Context - Client: digiaansh_test, Impact Rows: 1018
INFO:root:Assistant Context - Client: digiaansh_test, Impact Rows: 1018
INFO:root:Assistant Context - Client: digiaansh_test, Impact Rows: 1018
INFO:root:Assistant Context - Client: digiaansh_test, Impact Rows: 1018
INFO:root:Assistant Context - Client: digiaansh_test, Impact Rows: 1018
INFO:root:Assistant Context - Client: digiaansh_test, Impact Rows: 1018
INFO:root:Assistant Context - Client: digiaansh_test, Impact Rows: 1018
INFO:root:Assistant Context - Client: digiaansh_test, Impact Rows: 1018
INFO:root:Assistant Context - Client: digiaansh_test, Impact Rows: 1018
INFO:root:Assistant Context - Client: digiaansh_test, Impact Rows: 1018
INFO:root:Assistant Context - Client: digiaansh_test, Impact Rows: 1018
INFO:root:Assistant Context - Client: digiaansh_test, Impact Rows: 1018
INFO:root:Assistant Context - Client: digiaansh_test, Impact Rows: 1018
INFO:root:Assistant Context - Client: digiaansh_test, Impact Rows: 1018
INFO:root:Assistant Context - Client: digiaansh_test, Impact Rows: 1018
INFO:root:Assistant Context - Client: digiaansh_test, Impact Rows: 1018
INFO:root:Assistant Context - Client: digiaansh_test, Impact Rows: 1018
INFO:root:Assistant Context - Client: digiaansh_test, Impact Rows: 1018
INFO:root:Assistant Context - Client: digiaansh_test, Impact Rows: 1018
INFO:root:Assistant Context - Client: digiaansh_test, Impact Rows: 1018
INFO:root:Assistant Context - Client: digiaansh_test, Impact Rows: 1018
INFO:root:Assistant Context - Client: digiaansh_test, Impact Rows: 1018
INFO:root:Assistant Context - Client: digiaansh_test, Impact Rows: 1018
INFO:root:Assistant Context - Client: digiaansh_test, Impact Rows: 1018
INFO:root:Assistant Context - Client: digiaansh_test, Impact Rows: 1018
INFO:root:Assistant Context - Client: digiaansh_test, Impact Rows: 1018
INFO:root:Assistant Context - Client: digiaansh_test, Impact Rows: 1018
INFO:root:Assistant Context - Client: digiaansh_test, Impact Rows: 1018
INFO:root:Assistant Context - Client: digiaansh_test, Impact Rows: 1018
INFO:root:Assistant Context - Client: digiaansh_test, Impact Rows: 1018
INFO:root:Assistant Context - Client: digiaansh_test, Impact Rows: 1018
INFO:root:Assistant Context - Client: digiaansh_test, Impact Rows: 1018
INFO:root:Assistant Context - Client: digiaansh_test, Impact Rows: 1018
INFO:root:Fallback client_id found in DB: s2c_test
INFO:root:Assistant Context - Client: s2c_test, Impact Rows: 376
INFO:root:Assistant Context - Client: digiaansh_test, Impact Rows: 1018
INFO:root:Assistant Context - Client: digiaansh_test, Impact Rows: 1018
INFO:root:Assistant Context - Client: digiaansh_test, Impact Rows: 1018
INFO:root:Assistant Context - Client: digiaansh_test, Impact Rows: 1018
INFO:root:Assistant Context - Client: digiaansh_test, Impact Rows: 1018
INFO:root:Assistant Context - Client: digiaansh_test, Impact Rows: 1018
INFO:root:Assistant Context - Client: digiaansh_test, Impact Rows: 1018
INFO:root:Assistant Context - Client: digiaansh_test, Impact Rows: 1018
INFO:root:Assistant Context - Client: digiaansh_test, Impact Rows: 1018
INFO:root:Assistant Context - Client: digiaansh_test, Impact Rows: 1018
INFO:root:Assistant Context - Client: digiaansh_test, Impact Rows: 1018
INFO:root:Assistant Context - Client: digiaansh_test, Impact Rows: 1018
INFO:root:Assistant Context - Client: digiaansh_test, Impact Rows: 1018
INFO:root:Assistant Context - Client: digiaansh_test, Impact Rows: 1018
INFO:root:Assistant Context - Client: digiaansh_test, Impact Rows: 1018
INFO:root:Assistant Context - Client: digiaansh_test, Impact Rows: 1018
INFO:root:Assistant Context - Client: digiaansh_test, Impact Rows: 1018
INFO:root:Assistant Context - Client: digiaansh_test, Impact Rows: 1018
INFO:root:Assistant Context - Client: digiaansh_test, Impact Rows: 1018
INFO:root:Assistant Context - Client: digiaansh_test, Impact Rows: 1018
INFO:root:Assistant Context - Client: digiaansh_test, Impact Rows: 1018
INFO:root:Assistant Context - Client: digiaansh_test, Impact Rows: 1018
INFO:root:Assistant Context - Client: digiaansh_test, Impact Rows: 1018
INFO:root:Assistant Context - Client: digiaansh_test, Impact Rows: 1018
INFO:root:Assistant Context - Client: digiaansh_test, Impact Rows: 1018
INFO:root:Assistant Context - Client: digiaansh_test, Impact Rows: 1018
INFO:root:Assistant Context - Client: digiaansh_test, Impact Rows: 1018
INFO:root:Assistant Context - Client: digiaansh_test, Impact Rows: 1018
INFO:root:Assistant Context - Client: digiaansh_test, Impact Rows: 1018
INFO:root:Assistant Context - Client: digiaansh_test, Impact Rows: 1018
INFO:root:Assistant Context - Client: digiaansh_test, Impact Rows: 1018
INFO:root:Assistant Context - Client: digiaansh_test, Impact Rows: 1018
INFO:root:Assistant Context - Client: digiaansh_test, Impact Rows: 1018
INFO:root:Assistant Context - Client: digiaansh_test, Impact Rows: 1018
INFO:root:Assistant Context - Client: digiaansh_test, Impact Rows: 1018
INFO:root:Assistant Context - Client: repro_test_uae, Impact Rows: 0
WARNING:root:No impact data found for client repro_test_uae
INFO:root:Assistant Context - Client: repro_test_uae, Impact Rows: 0
WARNING:root:No impact data found for client repro_test_uae
INFO:root:Assistant Context - Client: repro_test_uae, Impact Rows: 0
WARNING:root:No impact data found for client repro_test_uae
INFO:root:Assistant Context - Client: digiaansh_test, Impact Rows: 1018
INFO:root:Assistant Context - Client: repro_test_uae, Impact Rows: 0
WARNING:root:No impact data found for client repro_test_uae
INFO:root:Assistant Context - Client: repro_test_uae, Impact Rows: 0
WARNING:root:No impact data found for client repro_test_uae
INFO:root:Assistant Context - Client: repro_test_uae, Impact Rows: 0
WARNING:root:No impact data found for client repro_test_uae
INFO:root:Assistant Context - Client: repro_test_uae, Impact Rows: 0
WARNING:root:No impact data found for client repro_test_uae
INFO:root:Assistant Context - Client: repro_test_uae, Impact Rows: 0
WARNING:root:No impact data found for client repro_test_uae
INFO:root:Assistant Context - Client: repro_test_uae, Impact Rows: 0
WARNING:root:No impact data found for client repro_test_uae
INFO:root:Assistant Context - Client: repro_test_uae, Impact Rows: 0
WARNING:root:No impact data found for client repro_test_uae
INFO:root:Assistant Context - Client: digiaansh_test, Impact Rows: 1018
INFO:root:Assistant Context - Client: digiaansh_test, Impact Rows: 1018
INFO:root:Assistant Context - Client: digiaansh_test, Impact Rows: 1018
INFO:root:Assistant Context - Client: digiaansh_test, Impact Rows: 1018
INFO:root:Assistant Context - Client: digiaansh_test, Impact Rows: 1018
INFO:root:Assistant Context - Client: digiaansh_test, Impact Rows: 1018
INFO:root:Assistant Context - Client: digiaansh_test, Impact Rows: 1018
INFO:root:Assistant Context - Client: digiaansh_test, Impact Rows: 1018
INFO:root:Assistant Context - Client: digiaansh_test, Impact Rows: 1018
INFO:root:Assistant Context - Client: digiaansh_test, Impact Rows: 1018
INFO:root:Assistant Context - Client: digiaansh_test, Impact Rows: 1018
INFO:root:Assistant Context - Client: digiaansh_test, Impact Rows: 1018
INFO:root:Assistant Context - Client: digiaansh_test, Impact Rows: 1018
INFO:root:Assistant Context - Client: digiaansh_test, Impact Rows: 1018
INFO:root:Assistant Context - Client: digiaansh_test, Impact Rows: 1018
INFO:root:Assistant Context - Client: digiaansh_test, Impact Rows: 1018
INFO:root:Assistant Context - Client: digiaansh_test, Impact Rows: 1018
INFO:root:Assistant Context - Client: digiaansh_test, Impact Rows: 1018
INFO:root:Assistant Context - Client: digiaansh_test, Impact Rows: 1018
INFO:root:Assistant Context - Client: digiaansh_test, Impact Rows: 1018
INFO:root:Assistant Context - Client: digiaansh_test, Impact Rows: 1018
INFO:root:Assistant Context - Client: digiaansh_test, Impact Rows: 1018
INFO:root:Assistant Context - Client: digiaansh_test, Impact Rows: 1018
INFO:root:Assistant Context - Client: digiaansh_test, Impact Rows: 1018
INFO:root:Assistant Context - Client: digiaansh_test, Impact Rows: 1018
